! Polarized Spherical Harmonic Discrete Ordinate Radiative Transfer Output
!  L= 15  M= 15  NLM=  256   NMU= 16  NPHI= 32  NANG=  354   NSH=      4050
!  NSTOKES=1   NX=  50   NY=   1   NZ=  11    NPTS=     550   NCELLS=     500
!  PROPERTY_FILE=atmos_ray0.85.prp
!  CORRELATED_K-DIST_FILE=NONE   NUM_G= 1
!  INPUT_SAVE_FILE=NONE
!  OUTPUT_SAVE_FILE=NONE
!  SOURCE_TYPE=SOLAR               DELTA-M METHOD
!  GRID_TYPE=EVEN (X,Y)    EVEN (Z)             INDEPENDENT_PIXEL=3
!  SURFACE_TYPE=VARIABLE LAMBERTIAN      HORIZ_BOUNDARY_COND=0
!  SURFACE_FILE=brdf_L1.sfc  SKY_RAD= 0.00000E+00
!  SOLAR_FLUX= 0.100000E+01   SOLAR_MU=-0.7070000   SOLAR_AZ=   0.000
!  UNITS=WATTS/(M^2 MICRON STER)    WAVELENGTH=      0.85
!  SPLITTING_ACCURACY= 0.100E-02   SPHERICAL_HARMONIC_ACCURACY= 0.000E+00
!  SOLUTION_ACCURACY= 0.100E-04
!  MAXIMUM_ITERATIONS=  50   NUMBER_ITERATIONS=   3
!  OUTPUT_TYPE=RADIANCE            
!    RADIANCE AT Z= 30.000    NXO=  50    NYO=   1    NDIR=  19
!   X       Y        RADIANCE (STOKES I, Q, U, V)
!   0.10000  180.00  <- (mu,phi)
  -0.000  -0.000   0.20692E-01
   0.020  -0.000   0.22437E-01
   0.040  -0.000   0.24182E-01
   0.060  -0.000   0.25927E-01
   0.080  -0.000   0.27672E-01
   0.100  -0.000   0.29418E-01
   0.120  -0.000   0.31164E-01
   0.140  -0.000   0.32911E-01
   0.160  -0.000   0.34657E-01
   0.180  -0.000   0.36404E-01
   0.200  -0.000   0.38152E-01
   0.220  -0.000   0.39900E-01
   0.240  -0.000   0.41648E-01
   0.260  -0.000   0.43396E-01
   0.280  -0.000   0.45145E-01
   0.300  -0.000   0.46894E-01
   0.320  -0.000   0.48644E-01
   0.340  -0.000   0.50394E-01
   0.360  -0.000   0.52144E-01
   0.380  -0.000   0.53894E-01
   0.400  -0.000   0.55645E-01
   0.420  -0.000   0.57396E-01
   0.440  -0.000   0.59148E-01
   0.460  -0.000   0.60900E-01
   0.480  -0.000   0.62652E-01
   0.500  -0.000   0.64404E-01
   0.520  -0.000   0.66157E-01
   0.540  -0.000   0.67910E-01
   0.560  -0.000   0.69664E-01
   0.580  -0.000   0.71418E-01
   0.600  -0.000   0.73172E-01
   0.620  -0.000   0.74927E-01
   0.640  -0.000   0.76682E-01
   0.660  -0.000   0.78437E-01
   0.680  -0.000   0.80192E-01
   0.700  -0.000   0.81948E-01
   0.720  -0.000   0.83705E-01
   0.740  -0.000   0.85461E-01
   0.760  -0.000   0.87218E-01
   0.780  -0.000   0.88975E-01
   0.800  -0.000   0.90733E-01
   0.820  -0.000   0.92491E-01
   0.840  -0.000   0.94249E-01
   0.860  -0.000   0.96008E-01
   0.880  -0.000   0.97767E-01
   0.900  -0.000   0.99526E-01
   0.920  -0.000   0.10129E+00
   0.940  -0.000   0.10305E+00
   0.960  -0.000   0.10481E+00
   0.980  -0.000   0.10657E+00
!   0.20000  180.00  <- (mu,phi)
  -0.000  -0.000   0.11381E-01
   0.020  -0.000   0.13195E-01
   0.040  -0.000   0.15008E-01
   0.060  -0.000   0.16822E-01
   0.080  -0.000   0.18637E-01
   0.100  -0.000   0.20451E-01
   0.120  -0.000   0.22266E-01
   0.140  -0.000   0.24082E-01
   0.160  -0.000   0.25897E-01
   0.180  -0.000   0.27714E-01
   0.200  -0.000   0.29530E-01
   0.220  -0.000   0.31347E-01
   0.240  -0.000   0.33164E-01
   0.260  -0.000   0.34981E-01
   0.280  -0.000   0.36799E-01
   0.300  -0.000   0.38617E-01
   0.320  -0.000   0.40436E-01
   0.340  -0.000   0.42255E-01
   0.360  -0.000   0.44074E-01
   0.380  -0.000   0.45894E-01
   0.400  -0.000   0.47714E-01
   0.420  -0.000   0.49534E-01
   0.440  -0.000   0.51355E-01
   0.460  -0.000   0.53176E-01
   0.480  -0.000   0.54997E-01
   0.500  -0.000   0.56819E-01
   0.520  -0.000   0.58641E-01
   0.540  -0.000   0.60463E-01
   0.560  -0.000   0.62286E-01
   0.580  -0.000   0.64109E-01
   0.600  -0.000   0.65932E-01
   0.620  -0.000   0.67756E-01
   0.640  -0.000   0.69580E-01
   0.660  -0.000   0.71405E-01
   0.680  -0.000   0.73230E-01
   0.700  -0.000   0.75055E-01
   0.720  -0.000   0.76881E-01
   0.740  -0.000   0.78707E-01
   0.760  -0.000   0.80533E-01
   0.780  -0.000   0.82359E-01
   0.800  -0.000   0.84186E-01
   0.820  -0.000   0.86014E-01
   0.840  -0.000   0.87841E-01
   0.860  -0.000   0.89669E-01
   0.880  -0.000   0.91498E-01
   0.900  -0.000   0.93327E-01
   0.920  -0.000   0.95156E-01
   0.940  -0.000   0.96985E-01
   0.960  -0.000   0.98815E-01
   0.980  -0.000   0.10064E+00
!   0.30000  180.00  <- (mu,phi)
  -0.000  -0.000   0.80759E-02
   0.020  -0.000   0.99135E-02
   0.040  -0.000   0.11751E-01
   0.060  -0.000   0.13590E-01
   0.080  -0.000   0.15428E-01
   0.100  -0.000   0.17267E-01
   0.120  -0.000   0.19106E-01
   0.140  -0.000   0.20946E-01
   0.160  -0.000   0.22786E-01
   0.180  -0.000   0.24626E-01
   0.200  -0.000   0.26467E-01
   0.220  -0.000   0.28308E-01
   0.240  -0.000   0.30150E-01
   0.260  -0.000   0.31991E-01
   0.280  -0.000   0.33833E-01
   0.300  -0.000   0.35676E-01
   0.320  -0.000   0.37519E-01
   0.340  -0.000   0.39362E-01
   0.360  -0.000   0.41206E-01
   0.380  -0.000   0.43049E-01
   0.400  -0.000   0.44894E-01
   0.420  -0.000   0.46738E-01
   0.440  -0.000   0.48583E-01
   0.460  -0.000   0.50429E-01
   0.480  -0.000   0.52274E-01
   0.500  -0.000   0.54120E-01
   0.520  -0.000   0.55967E-01
   0.540  -0.000   0.57814E-01
   0.560  -0.000   0.59661E-01
   0.580  -0.000   0.61508E-01
   0.600  -0.000   0.63356E-01
   0.620  -0.000   0.65204E-01
   0.640  -0.000   0.67053E-01
   0.660  -0.000   0.68902E-01
   0.680  -0.000   0.70751E-01
   0.700  -0.000   0.72600E-01
   0.720  -0.000   0.74450E-01
   0.740  -0.000   0.76301E-01
   0.760  -0.000   0.78151E-01
   0.780  -0.000   0.80002E-01
   0.800  -0.000   0.81854E-01
   0.820  -0.000   0.83706E-01
   0.840  -0.000   0.85558E-01
   0.860  -0.000   0.87410E-01
   0.880  -0.000   0.89263E-01
   0.900  -0.000   0.91116E-01
   0.920  -0.000   0.92970E-01
   0.940  -0.000   0.94824E-01
   0.960  -0.000   0.96678E-01
   0.980  -0.000   0.98532E-01
!   0.40000  180.00  <- (mu,phi)
  -0.000  -0.000   0.63566E-02
   0.020  -0.000   0.82065E-02
   0.040  -0.000   0.10057E-01
   0.060  -0.000   0.11907E-01
   0.080  -0.000   0.13758E-01
   0.100  -0.000   0.15610E-01
   0.120  -0.000   0.17461E-01
   0.140  -0.000   0.19313E-01
   0.160  -0.000   0.21166E-01
   0.180  -0.000   0.23018E-01
   0.200  -0.000   0.24871E-01
   0.220  -0.000   0.26725E-01
   0.240  -0.000   0.28579E-01
   0.260  -0.000   0.30433E-01
   0.280  -0.000   0.32287E-01
   0.300  -0.000   0.34142E-01
   0.320  -0.000   0.35998E-01
   0.340  -0.000   0.37853E-01
   0.360  -0.000   0.39709E-01
   0.380  -0.000   0.41565E-01
   0.400  -0.000   0.43422E-01
   0.420  -0.000   0.45279E-01
   0.440  -0.000   0.47136E-01
   0.460  -0.000   0.48994E-01
   0.480  -0.000   0.50852E-01
   0.500  -0.000   0.52711E-01
   0.520  -0.000   0.54570E-01
   0.540  -0.000   0.56429E-01
   0.560  -0.000   0.58288E-01
   0.580  -0.000   0.60148E-01
   0.600  -0.000   0.62008E-01
   0.620  -0.000   0.63869E-01
   0.640  -0.000   0.65730E-01
   0.660  -0.000   0.67591E-01
   0.680  -0.000   0.69453E-01
   0.700  -0.000   0.71315E-01
   0.720  -0.000   0.73178E-01
   0.740  -0.000   0.75040E-01
   0.760  -0.000   0.76903E-01
   0.780  -0.000   0.78767E-01
   0.800  -0.000   0.80631E-01
   0.820  -0.000   0.82495E-01
   0.840  -0.000   0.84360E-01
   0.860  -0.000   0.86225E-01
   0.880  -0.000   0.88090E-01
   0.900  -0.000   0.89955E-01
   0.920  -0.000   0.91821E-01
   0.940  -0.000   0.93688E-01
   0.960  -0.000   0.95555E-01
   0.980  -0.000   0.97421E-01
!   0.50000  180.00  <- (mu,phi)
  -0.000  -0.000   0.52767E-02
   0.020  -0.000   0.71341E-02
   0.040  -0.000   0.89918E-02
   0.060  -0.000   0.10850E-01
   0.080  -0.000   0.12708E-01
   0.100  -0.000   0.14567E-01
   0.120  -0.000   0.16426E-01
   0.140  -0.000   0.18286E-01
   0.160  -0.000   0.20146E-01
   0.180  -0.000   0.22006E-01
   0.200  -0.000   0.23867E-01
   0.220  -0.000   0.25728E-01
   0.240  -0.000   0.27589E-01
   0.260  -0.000   0.29451E-01
   0.280  -0.000   0.31313E-01
   0.300  -0.000   0.33175E-01
   0.320  -0.000   0.35038E-01
   0.340  -0.000   0.36901E-01
   0.360  -0.000   0.38764E-01
   0.380  -0.000   0.40628E-01
   0.400  -0.000   0.42492E-01
   0.420  -0.000   0.44357E-01
   0.440  -0.000   0.46222E-01
   0.460  -0.000   0.48087E-01
   0.480  -0.000   0.49953E-01
   0.500  -0.000   0.51819E-01
   0.520  -0.000   0.53685E-01
   0.540  -0.000   0.55552E-01
   0.560  -0.000   0.57419E-01
   0.580  -0.000   0.59286E-01
   0.600  -0.000   0.61154E-01
   0.620  -0.000   0.63022E-01
   0.640  -0.000   0.64891E-01
   0.660  -0.000   0.66760E-01
   0.680  -0.000   0.68629E-01
   0.700  -0.000   0.70499E-01
   0.720  -0.000   0.72369E-01
   0.740  -0.000   0.74239E-01
   0.760  -0.000   0.76110E-01
   0.780  -0.000   0.77981E-01
   0.800  -0.000   0.79852E-01
   0.820  -0.000   0.81724E-01
   0.840  -0.000   0.83596E-01
   0.860  -0.000   0.85468E-01
   0.880  -0.000   0.87341E-01
   0.900  -0.000   0.89214E-01
   0.920  -0.000   0.91088E-01
   0.940  -0.000   0.92962E-01
   0.960  -0.000   0.94836E-01
   0.980  -0.000   0.96711E-01
!   0.60000  180.00  <- (mu,phi)
  -0.000  -0.000   0.45092E-02
   0.020  -0.000   0.63716E-02
   0.040  -0.000   0.82344E-02
   0.060  -0.000   0.10097E-01
   0.080  -0.000   0.11961E-01
   0.100  -0.000   0.13825E-01
   0.120  -0.000   0.15689E-01
   0.140  -0.000   0.17554E-01
   0.160  -0.000   0.19419E-01
   0.180  -0.000   0.21284E-01
   0.200  -0.000   0.23149E-01
   0.220  -0.000   0.25015E-01
   0.240  -0.000   0.26882E-01
   0.260  -0.000   0.28749E-01
   0.280  -0.000   0.30616E-01
   0.300  -0.000   0.32483E-01
   0.320  -0.000   0.34351E-01
   0.340  -0.000   0.36219E-01
   0.360  -0.000   0.38088E-01
   0.380  -0.000   0.39957E-01
   0.400  -0.000   0.41826E-01
   0.420  -0.000   0.43695E-01
   0.440  -0.000   0.45565E-01
   0.460  -0.000   0.47436E-01
   0.480  -0.000   0.49306E-01
   0.500  -0.000   0.51177E-01
   0.520  -0.000   0.53049E-01
   0.540  -0.000   0.54921E-01
   0.560  -0.000   0.56793E-01
   0.580  -0.000   0.58665E-01
   0.600  -0.000   0.60538E-01
   0.620  -0.000   0.62411E-01
   0.640  -0.000   0.64285E-01
   0.660  -0.000   0.66159E-01
   0.680  -0.000   0.68033E-01
   0.700  -0.000   0.69908E-01
   0.720  -0.000   0.71783E-01
   0.740  -0.000   0.73658E-01
   0.760  -0.000   0.75534E-01
   0.780  -0.000   0.77410E-01
   0.800  -0.000   0.79287E-01
   0.820  -0.000   0.81163E-01
   0.840  -0.000   0.83041E-01
   0.860  -0.000   0.84918E-01
   0.880  -0.000   0.86796E-01
   0.900  -0.000   0.88674E-01
   0.920  -0.000   0.90553E-01
   0.940  -0.000   0.92432E-01
   0.960  -0.000   0.94311E-01
   0.980  -0.000   0.96191E-01
!   0.70000  180.00  <- (mu,phi)
  -0.000  -0.000   0.39075E-02
   0.020  -0.000   0.57735E-02
   0.040  -0.000   0.76399E-02
   0.060  -0.000   0.95066E-02
   0.080  -0.000   0.11374E-01
   0.100  -0.000   0.13241E-01
   0.120  -0.000   0.15109E-01
   0.140  -0.000   0.16977E-01
   0.160  -0.000   0.18846E-01
   0.180  -0.000   0.20715E-01
   0.200  -0.000   0.22584E-01
   0.220  -0.000   0.24454E-01
   0.240  -0.000   0.26324E-01
   0.260  -0.000   0.28194E-01
   0.280  -0.000   0.30065E-01
   0.300  -0.000   0.31936E-01
   0.320  -0.000   0.33807E-01
   0.340  -0.000   0.35679E-01
   0.360  -0.000   0.37551E-01
   0.380  -0.000   0.39424E-01
   0.400  -0.000   0.41296E-01
   0.420  -0.000   0.43170E-01
   0.440  -0.000   0.45043E-01
   0.460  -0.000   0.46917E-01
   0.480  -0.000   0.48792E-01
   0.500  -0.000   0.50666E-01
   0.520  -0.000   0.52541E-01
   0.540  -0.000   0.54417E-01
   0.560  -0.000   0.56292E-01
   0.580  -0.000   0.58169E-01
   0.600  -0.000   0.60045E-01
   0.620  -0.000   0.61922E-01
   0.640  -0.000   0.63799E-01
   0.660  -0.000   0.65677E-01
   0.680  -0.000   0.67555E-01
   0.700  -0.000   0.69433E-01
   0.720  -0.000   0.71312E-01
   0.740  -0.000   0.73191E-01
   0.760  -0.000   0.75070E-01
   0.780  -0.000   0.76950E-01
   0.800  -0.000   0.78830E-01
   0.820  -0.000   0.80710E-01
   0.840  -0.000   0.82591E-01
   0.860  -0.000   0.84472E-01
   0.880  -0.000   0.86354E-01
   0.900  -0.000   0.88236E-01
   0.920  -0.000   0.90118E-01
   0.940  -0.000   0.92001E-01
   0.960  -0.000   0.93884E-01
   0.980  -0.000   0.95767E-01
!   0.80000  180.00  <- (mu,phi)
  -0.000  -0.000   0.33893E-02
   0.020  -0.000   0.52580E-02
   0.040  -0.000   0.71271E-02
   0.060  -0.000   0.89966E-02
   0.080  -0.000   0.10866E-01
   0.100  -0.000   0.12737E-01
   0.120  -0.000   0.14607E-01
   0.140  -0.000   0.16478E-01
   0.160  -0.000   0.18349E-01
   0.180  -0.000   0.20221E-01
   0.200  -0.000   0.22093E-01
   0.220  -0.000   0.23965E-01
   0.240  -0.000   0.25838E-01
   0.260  -0.000   0.27711E-01
   0.280  -0.000   0.29584E-01
   0.300  -0.000   0.31458E-01
   0.320  -0.000   0.33332E-01
   0.340  -0.000   0.35207E-01
   0.360  -0.000   0.37082E-01
   0.380  -0.000   0.38957E-01
   0.400  -0.000   0.40833E-01
   0.420  -0.000   0.42709E-01
   0.440  -0.000   0.44585E-01
   0.460  -0.000   0.46462E-01
   0.480  -0.000   0.48339E-01
   0.500  -0.000   0.50216E-01
   0.520  -0.000   0.52094E-01
   0.540  -0.000   0.53972E-01
   0.560  -0.000   0.55851E-01
   0.580  -0.000   0.57729E-01
   0.600  -0.000   0.59609E-01
   0.620  -0.000   0.61488E-01
   0.640  -0.000   0.63368E-01
   0.660  -0.000   0.65248E-01
   0.680  -0.000   0.67129E-01
   0.700  -0.000   0.69010E-01
   0.720  -0.000   0.70892E-01
   0.740  -0.000   0.72773E-01
   0.760  -0.000   0.74655E-01
   0.780  -0.000   0.76538E-01
   0.800  -0.000   0.78421E-01
   0.820  -0.000   0.80304E-01
   0.840  -0.000   0.82188E-01
   0.860  -0.000   0.84072E-01
   0.880  -0.000   0.85956E-01
   0.900  -0.000   0.87841E-01
   0.920  -0.000   0.89726E-01
   0.940  -0.000   0.91611E-01
   0.960  -0.000   0.93497E-01
   0.980  -0.000   0.95383E-01
!   0.90000  180.00  <- (mu,phi)
  -0.000  -0.000   0.28862E-02
   0.020  -0.000   0.47570E-02
   0.040  -0.000   0.66283E-02
   0.060  -0.000   0.84999E-02
   0.080  -0.000   0.10372E-01
   0.100  -0.000   0.12244E-01
   0.120  -0.000   0.14117E-01
   0.140  -0.000   0.15990E-01
   0.160  -0.000   0.17863E-01
   0.180  -0.000   0.19737E-01
   0.200  -0.000   0.21611E-01
   0.220  -0.000   0.23486E-01
   0.240  -0.000   0.25360E-01
   0.260  -0.000   0.27236E-01
   0.280  -0.000   0.29111E-01
   0.300  -0.000   0.30987E-01
   0.320  -0.000   0.32863E-01
   0.340  -0.000   0.34740E-01
   0.360  -0.000   0.36617E-01
   0.380  -0.000   0.38494E-01
   0.400  -0.000   0.40372E-01
   0.420  -0.000   0.42250E-01
   0.440  -0.000   0.44129E-01
   0.460  -0.000   0.46007E-01
   0.480  -0.000   0.47887E-01
   0.500  -0.000   0.49766E-01
   0.520  -0.000   0.51646E-01
   0.540  -0.000   0.53526E-01
   0.560  -0.000   0.55407E-01
   0.580  -0.000   0.57288E-01
   0.600  -0.000   0.59169E-01
   0.620  -0.000   0.61051E-01
   0.640  -0.000   0.62933E-01
   0.660  -0.000   0.64816E-01
   0.680  -0.000   0.66698E-01
   0.700  -0.000   0.68582E-01
   0.720  -0.000   0.70465E-01
   0.740  -0.000   0.72349E-01
   0.760  -0.000   0.74233E-01
   0.780  -0.000   0.76118E-01
   0.800  -0.000   0.78003E-01
   0.820  -0.000   0.79888E-01
   0.840  -0.000   0.81774E-01
   0.860  -0.000   0.83660E-01
   0.880  -0.000   0.85546E-01
   0.900  -0.000   0.87433E-01
   0.920  -0.000   0.89320E-01
   0.940  -0.000   0.91208E-01
   0.960  -0.000   0.93096E-01
   0.980  -0.000   0.94984E-01
!   1.00000    0.00  <- (mu,phi)
  -0.000  -0.000   0.20833E-02
   0.020  -0.000   0.39558E-02
   0.040  -0.000   0.58288E-02
   0.060  -0.000   0.77020E-02
   0.080  -0.000   0.95757E-02
   0.100  -0.000   0.11450E-01
   0.120  -0.000   0.13324E-01
   0.140  -0.000   0.15199E-01
   0.160  -0.000   0.17074E-01
   0.180  -0.000   0.18949E-01
   0.200  -0.000   0.20825E-01
   0.220  -0.000   0.22701E-01
   0.240  -0.000   0.24578E-01
   0.260  -0.000   0.26455E-01
   0.280  -0.000   0.28332E-01
   0.300  -0.000   0.30210E-01
   0.320  -0.000   0.32088E-01
   0.340  -0.000   0.33966E-01
   0.360  -0.000   0.35845E-01
   0.380  -0.000   0.37724E-01
   0.400  -0.000   0.39603E-01
   0.420  -0.000   0.41483E-01
   0.440  -0.000   0.43363E-01
   0.460  -0.000   0.45244E-01
   0.480  -0.000   0.47125E-01
   0.500  -0.000   0.49006E-01
   0.520  -0.000   0.50887E-01
   0.540  -0.000   0.52769E-01
   0.560  -0.000   0.54652E-01
   0.580  -0.000   0.56534E-01
   0.600  -0.000   0.58418E-01
   0.620  -0.000   0.60301E-01
   0.640  -0.000   0.62185E-01
   0.660  -0.000   0.64069E-01
   0.680  -0.000   0.65953E-01
   0.700  -0.000   0.67838E-01
   0.720  -0.000   0.69724E-01
   0.740  -0.000   0.71609E-01
   0.760  -0.000   0.73495E-01
   0.780  -0.000   0.75381E-01
   0.800  -0.000   0.77268E-01
   0.820  -0.000   0.79155E-01
   0.840  -0.000   0.81043E-01
   0.860  -0.000   0.82930E-01
   0.880  -0.000   0.84819E-01
   0.900  -0.000   0.86707E-01
   0.920  -0.000   0.88596E-01
   0.940  -0.000   0.90485E-01
   0.960  -0.000   0.92375E-01
   0.980  -0.000   0.94265E-01
!   0.90000    0.00  <- (mu,phi)
  -0.000  -0.000   0.17441E-02
   0.020  -0.000   0.36150E-02
   0.040  -0.000   0.54862E-02
   0.060  -0.000   0.73578E-02
   0.080  -0.000   0.92298E-02
   0.100  -0.000   0.11102E-01
   0.120  -0.000   0.12975E-01
   0.140  -0.000   0.14848E-01
   0.160  -0.000   0.16721E-01
   0.180  -0.000   0.18595E-01
   0.200  -0.000   0.20469E-01
   0.220  -0.000   0.22343E-01
   0.240  -0.000   0.24218E-01
   0.260  -0.000   0.26094E-01
   0.280  -0.000   0.27969E-01
   0.300  -0.000   0.29845E-01
   0.320  -0.000   0.31721E-01
   0.340  -0.000   0.33598E-01
   0.360  -0.000   0.35475E-01
   0.380  -0.000   0.37352E-01
   0.400  -0.000   0.39230E-01
   0.420  -0.000   0.41108E-01
   0.440  -0.000   0.42987E-01
   0.460  -0.000   0.44865E-01
   0.480  -0.000   0.46745E-01
   0.500  -0.000   0.48624E-01
   0.520  -0.000   0.50504E-01
   0.540  -0.000   0.52384E-01
   0.560  -0.000   0.54265E-01
   0.580  -0.000   0.56146E-01
   0.600  -0.000   0.58027E-01
   0.620  -0.000   0.59909E-01
   0.640  -0.000   0.61791E-01
   0.660  -0.000   0.63674E-01
   0.680  -0.000   0.65556E-01
   0.700  -0.000   0.67439E-01
   0.720  -0.000   0.69323E-01
   0.740  -0.000   0.71207E-01
   0.760  -0.000   0.73091E-01
   0.780  -0.000   0.74976E-01
   0.800  -0.000   0.76861E-01
   0.820  -0.000   0.78746E-01
   0.840  -0.000   0.80632E-01
   0.860  -0.000   0.82518E-01
   0.880  -0.000   0.84404E-01
   0.900  -0.000   0.86291E-01
   0.920  -0.000   0.88178E-01
   0.940  -0.000   0.90066E-01
   0.960  -0.000   0.91954E-01
   0.980  -0.000   0.93842E-01
!   0.80000    0.00  <- (mu,phi)
  -0.000  -0.000   0.18190E-02
   0.020  -0.000   0.36877E-02
   0.040  -0.000   0.55569E-02
   0.060  -0.000   0.74263E-02
   0.080  -0.000   0.92961E-02
   0.100  -0.000   0.11166E-01
   0.120  -0.000   0.13037E-01
   0.140  -0.000   0.14908E-01
   0.160  -0.000   0.16779E-01
   0.180  -0.000   0.18651E-01
   0.200  -0.000   0.20523E-01
   0.220  -0.000   0.22395E-01
   0.240  -0.000   0.24268E-01
   0.260  -0.000   0.26141E-01
   0.280  -0.000   0.28014E-01
   0.300  -0.000   0.29888E-01
   0.320  -0.000   0.31762E-01
   0.340  -0.000   0.33637E-01
   0.360  -0.000   0.35512E-01
   0.380  -0.000   0.37387E-01
   0.400  -0.000   0.39262E-01
   0.420  -0.000   0.41138E-01
   0.440  -0.000   0.43015E-01
   0.460  -0.000   0.44891E-01
   0.480  -0.000   0.46768E-01
   0.500  -0.000   0.48646E-01
   0.520  -0.000   0.50524E-01
   0.540  -0.000   0.52402E-01
   0.560  -0.000   0.54280E-01
   0.580  -0.000   0.56159E-01
   0.600  -0.000   0.58038E-01
   0.620  -0.000   0.59918E-01
   0.640  -0.000   0.61798E-01
   0.660  -0.000   0.63678E-01
   0.680  -0.000   0.65559E-01
   0.700  -0.000   0.67440E-01
   0.720  -0.000   0.69321E-01
   0.740  -0.000   0.71203E-01
   0.760  -0.000   0.73085E-01
   0.780  -0.000   0.74968E-01
   0.800  -0.000   0.76851E-01
   0.820  -0.000   0.78734E-01
   0.840  -0.000   0.80617E-01
   0.860  -0.000   0.82501E-01
   0.880  -0.000   0.84386E-01
   0.900  -0.000   0.86270E-01
   0.920  -0.000   0.88155E-01
   0.940  -0.000   0.90041E-01
   0.960  -0.000   0.91927E-01
   0.980  -0.000   0.93812E-01
!   0.70000    0.00  <- (mu,phi)
  -0.000  -0.000   0.20412E-02
   0.020  -0.000   0.39073E-02
   0.040  -0.000   0.57736E-02
   0.060  -0.000   0.76404E-02
   0.080  -0.000   0.95075E-02
   0.100  -0.000   0.11375E-01
   0.120  -0.000   0.13243E-01
   0.140  -0.000   0.15111E-01
   0.160  -0.000   0.16980E-01
   0.180  -0.000   0.18848E-01
   0.200  -0.000   0.20718E-01
   0.220  -0.000   0.22587E-01
   0.240  -0.000   0.24457E-01
   0.260  -0.000   0.26328E-01
   0.280  -0.000   0.28198E-01
   0.300  -0.000   0.30069E-01
   0.320  -0.000   0.31941E-01
   0.340  -0.000   0.33813E-01
   0.360  -0.000   0.35685E-01
   0.380  -0.000   0.37557E-01
   0.400  -0.000   0.39430E-01
   0.420  -0.000   0.41303E-01
   0.440  -0.000   0.43177E-01
   0.460  -0.000   0.45051E-01
   0.480  -0.000   0.46925E-01
   0.500  -0.000   0.48800E-01
   0.520  -0.000   0.50675E-01
   0.540  -0.000   0.52550E-01
   0.560  -0.000   0.54426E-01
   0.580  -0.000   0.56302E-01
   0.600  -0.000   0.58179E-01
   0.620  -0.000   0.60056E-01
   0.640  -0.000   0.61933E-01
   0.660  -0.000   0.63810E-01
   0.680  -0.000   0.65688E-01
   0.700  -0.000   0.67567E-01
   0.720  -0.000   0.69445E-01
   0.740  -0.000   0.71324E-01
   0.760  -0.000   0.73204E-01
   0.780  -0.000   0.75084E-01
   0.800  -0.000   0.76964E-01
   0.820  -0.000   0.78844E-01
   0.840  -0.000   0.80725E-01
   0.860  -0.000   0.82606E-01
   0.880  -0.000   0.84488E-01
   0.900  -0.000   0.86370E-01
   0.920  -0.000   0.88252E-01
   0.940  -0.000   0.90135E-01
   0.960  -0.000   0.92018E-01
   0.980  -0.000   0.93901E-01
!   0.60000    0.00  <- (mu,phi)
  -0.000  -0.000   0.24226E-02
   0.020  -0.000   0.42851E-02
   0.040  -0.000   0.61478E-02
   0.060  -0.000   0.80110E-02
   0.080  -0.000   0.98745E-02
   0.100  -0.000   0.11738E-01
   0.120  -0.000   0.13603E-01
   0.140  -0.000   0.15467E-01
   0.160  -0.000   0.17332E-01
   0.180  -0.000   0.19197E-01
   0.200  -0.000   0.21063E-01
   0.220  -0.000   0.22929E-01
   0.240  -0.000   0.24795E-01
   0.260  -0.000   0.26662E-01
   0.280  -0.000   0.28529E-01
   0.300  -0.000   0.30397E-01
   0.320  -0.000   0.32264E-01
   0.340  -0.000   0.34133E-01
   0.360  -0.000   0.36001E-01
   0.380  -0.000   0.37870E-01
   0.400  -0.000   0.39739E-01
   0.420  -0.000   0.41609E-01
   0.440  -0.000   0.43479E-01
   0.460  -0.000   0.45349E-01
   0.480  -0.000   0.47220E-01
   0.500  -0.000   0.49091E-01
   0.520  -0.000   0.50962E-01
   0.540  -0.000   0.52834E-01
   0.560  -0.000   0.54706E-01
   0.580  -0.000   0.56579E-01
   0.600  -0.000   0.58452E-01
   0.620  -0.000   0.60325E-01
   0.640  -0.000   0.62198E-01
   0.660  -0.000   0.64072E-01
   0.680  -0.000   0.65947E-01
   0.700  -0.000   0.67821E-01
   0.720  -0.000   0.69696E-01
   0.740  -0.000   0.71572E-01
   0.760  -0.000   0.73447E-01
   0.780  -0.000   0.75324E-01
   0.800  -0.000   0.77200E-01
   0.820  -0.000   0.79077E-01
   0.840  -0.000   0.80954E-01
   0.860  -0.000   0.82832E-01
   0.880  -0.000   0.84710E-01
   0.900  -0.000   0.86588E-01
   0.920  -0.000   0.88467E-01
   0.940  -0.000   0.90346E-01
   0.960  -0.000   0.92225E-01
   0.980  -0.000   0.94104E-01
!   0.50000    0.00  <- (mu,phi)
  -0.000  -0.000   0.30241E-02
   0.020  -0.000   0.48815E-02
   0.040  -0.000   0.67392E-02
   0.060  -0.000   0.85973E-02
   0.080  -0.000   0.10456E-01
   0.100  -0.000   0.12315E-01
   0.120  -0.000   0.14174E-01
   0.140  -0.000   0.16033E-01
   0.160  -0.000   0.17893E-01
   0.180  -0.000   0.19753E-01
   0.200  -0.000   0.21614E-01
   0.220  -0.000   0.23475E-01
   0.240  -0.000   0.25336E-01
   0.260  -0.000   0.27198E-01
   0.280  -0.000   0.29060E-01
   0.300  -0.000   0.30922E-01
   0.320  -0.000   0.32785E-01
   0.340  -0.000   0.34648E-01
   0.360  -0.000   0.36512E-01
   0.380  -0.000   0.38376E-01
   0.400  -0.000   0.40240E-01
   0.420  -0.000   0.42104E-01
   0.440  -0.000   0.43969E-01
   0.460  -0.000   0.45835E-01
   0.480  -0.000   0.47700E-01
   0.500  -0.000   0.49566E-01
   0.520  -0.000   0.51433E-01
   0.540  -0.000   0.53299E-01
   0.560  -0.000   0.55166E-01
   0.580  -0.000   0.57034E-01
   0.600  -0.000   0.58902E-01
   0.620  -0.000   0.60770E-01
   0.640  -0.000   0.62638E-01
   0.660  -0.000   0.64507E-01
   0.680  -0.000   0.66376E-01
   0.700  -0.000   0.68246E-01
   0.720  -0.000   0.70116E-01
   0.740  -0.000   0.71986E-01
   0.760  -0.000   0.73857E-01
   0.780  -0.000   0.75728E-01
   0.800  -0.000   0.77599E-01
   0.820  -0.000   0.79471E-01
   0.840  -0.000   0.81343E-01
   0.860  -0.000   0.83216E-01
   0.880  -0.000   0.85089E-01
   0.900  -0.000   0.86962E-01
   0.920  -0.000   0.88835E-01
   0.940  -0.000   0.90709E-01
   0.960  -0.000   0.92584E-01
   0.980  -0.000   0.94458E-01
!   0.40000    0.00  <- (mu,phi)
  -0.000  -0.000   0.39824E-02
   0.020  -0.000   0.58323E-02
   0.040  -0.000   0.76825E-02
   0.060  -0.000   0.95331E-02
   0.080  -0.000   0.11384E-01
   0.100  -0.000   0.13235E-01
   0.120  -0.000   0.15087E-01
   0.140  -0.000   0.16939E-01
   0.160  -0.000   0.18791E-01
   0.180  -0.000   0.20644E-01
   0.200  -0.000   0.22497E-01
   0.220  -0.000   0.24351E-01
   0.240  -0.000   0.26205E-01
   0.260  -0.000   0.28059E-01
   0.280  -0.000   0.29913E-01
   0.300  -0.000   0.31768E-01
   0.320  -0.000   0.33623E-01
   0.340  -0.000   0.35479E-01
   0.360  -0.000   0.37335E-01
   0.380  -0.000   0.39191E-01
   0.400  -0.000   0.41048E-01
   0.420  -0.000   0.42905E-01
   0.440  -0.000   0.44762E-01
   0.460  -0.000   0.46620E-01
   0.480  -0.000   0.48478E-01
   0.500  -0.000   0.50337E-01
   0.520  -0.000   0.52195E-01
   0.540  -0.000   0.54055E-01
   0.560  -0.000   0.55914E-01
   0.580  -0.000   0.57774E-01
   0.600  -0.000   0.59634E-01
   0.620  -0.000   0.61495E-01
   0.640  -0.000   0.63356E-01
   0.660  -0.000   0.65217E-01
   0.680  -0.000   0.67079E-01
   0.700  -0.000   0.68941E-01
   0.720  -0.000   0.70803E-01
   0.740  -0.000   0.72666E-01
   0.760  -0.000   0.74529E-01
   0.780  -0.000   0.76393E-01
   0.800  -0.000   0.78257E-01
   0.820  -0.000   0.80121E-01
   0.840  -0.000   0.81985E-01
   0.860  -0.000   0.83850E-01
   0.880  -0.000   0.85716E-01
   0.900  -0.000   0.87581E-01
   0.920  -0.000   0.89447E-01
   0.940  -0.000   0.91314E-01
   0.960  -0.000   0.93180E-01
   0.980  -0.000   0.95047E-01
!   0.30000    0.00  <- (mu,phi)
  -0.000  -0.000   0.56215E-02
   0.020  -0.000   0.74590E-02
   0.040  -0.000   0.92969E-02
   0.060  -0.000   0.11135E-01
   0.080  -0.000   0.12974E-01
   0.100  -0.000   0.14813E-01
   0.120  -0.000   0.16652E-01
   0.140  -0.000   0.18492E-01
   0.160  -0.000   0.20332E-01
   0.180  -0.000   0.22172E-01
   0.200  -0.000   0.24013E-01
   0.220  -0.000   0.25854E-01
   0.240  -0.000   0.27695E-01
   0.260  -0.000   0.29537E-01
   0.280  -0.000   0.31379E-01
   0.300  -0.000   0.33222E-01
   0.320  -0.000   0.35064E-01
   0.340  -0.000   0.36908E-01
   0.360  -0.000   0.38751E-01
   0.380  -0.000   0.40595E-01
   0.400  -0.000   0.42439E-01
   0.420  -0.000   0.44284E-01
   0.440  -0.000   0.46129E-01
   0.460  -0.000   0.47974E-01
   0.480  -0.000   0.49820E-01
   0.500  -0.000   0.51666E-01
   0.520  -0.000   0.53512E-01
   0.540  -0.000   0.55359E-01
   0.560  -0.000   0.57206E-01
   0.580  -0.000   0.59054E-01
   0.600  -0.000   0.60901E-01
   0.620  -0.000   0.62750E-01
   0.640  -0.000   0.64598E-01
   0.660  -0.000   0.66447E-01
   0.680  -0.000   0.68296E-01
   0.700  -0.000   0.70146E-01
   0.720  -0.000   0.71996E-01
   0.740  -0.000   0.73846E-01
   0.760  -0.000   0.75697E-01
   0.780  -0.000   0.77548E-01
   0.800  -0.000   0.79399E-01
   0.820  -0.000   0.81251E-01
   0.840  -0.000   0.83103E-01
   0.860  -0.000   0.84956E-01
   0.880  -0.000   0.86809E-01
   0.900  -0.000   0.88662E-01
   0.920  -0.000   0.90515E-01
   0.940  -0.000   0.92369E-01
   0.960  -0.000   0.94223E-01
   0.980  -0.000   0.96078E-01
!   0.20000    0.00  <- (mu,phi)
  -0.000  -0.000   0.88943E-02
   0.020  -0.000   0.10708E-01
   0.040  -0.000   0.12521E-01
   0.060  -0.000   0.14335E-01
   0.080  -0.000   0.16150E-01
   0.100  -0.000   0.17964E-01
   0.120  -0.000   0.19779E-01
   0.140  -0.000   0.21595E-01
   0.160  -0.000   0.23410E-01
   0.180  -0.000   0.25227E-01
   0.200  -0.000   0.27043E-01
   0.220  -0.000   0.28860E-01
   0.240  -0.000   0.30677E-01
   0.260  -0.000   0.32494E-01
   0.280  -0.000   0.34312E-01
   0.300  -0.000   0.36130E-01
   0.320  -0.000   0.37949E-01
   0.340  -0.000   0.39768E-01
   0.360  -0.000   0.41587E-01
   0.380  -0.000   0.43407E-01
   0.400  -0.000   0.45227E-01
   0.420  -0.000   0.47047E-01
   0.440  -0.000   0.48868E-01
   0.460  -0.000   0.50689E-01
   0.480  -0.000   0.52510E-01
   0.500  -0.000   0.54332E-01
   0.520  -0.000   0.56154E-01
   0.540  -0.000   0.57976E-01
   0.560  -0.000   0.59799E-01
   0.580  -0.000   0.61622E-01
   0.600  -0.000   0.63445E-01
   0.620  -0.000   0.65269E-01
   0.640  -0.000   0.67093E-01
   0.660  -0.000   0.68918E-01
   0.680  -0.000   0.70743E-01
   0.700  -0.000   0.72568E-01
   0.720  -0.000   0.74394E-01
   0.740  -0.000   0.76219E-01
   0.760  -0.000   0.78046E-01
   0.780  -0.000   0.79872E-01
   0.800  -0.000   0.81699E-01
   0.820  -0.000   0.83527E-01
   0.840  -0.000   0.85354E-01
   0.860  -0.000   0.87182E-01
   0.880  -0.000   0.89011E-01
   0.900  -0.000   0.90840E-01
   0.920  -0.000   0.92669E-01
   0.940  -0.000   0.94498E-01
   0.960  -0.000   0.96328E-01
   0.980  -0.000   0.98158E-01
!   0.10000    0.00  <- (mu,phi)
  -0.000  -0.000   0.18266E-01
   0.020  -0.000   0.20011E-01
   0.040  -0.000   0.21756E-01
   0.060  -0.000   0.23501E-01
   0.080  -0.000   0.25246E-01
   0.100  -0.000   0.26992E-01
   0.120  -0.000   0.28738E-01
   0.140  -0.000   0.30485E-01
   0.160  -0.000   0.32231E-01
   0.180  -0.000   0.33978E-01
   0.200  -0.000   0.35726E-01
   0.220  -0.000   0.37474E-01
   0.240  -0.000   0.39222E-01
   0.260  -0.000   0.40970E-01
   0.280  -0.000   0.42719E-01
   0.300  -0.000   0.44468E-01
   0.320  -0.000   0.46218E-01
   0.340  -0.000   0.47968E-01
   0.360  -0.000   0.49718E-01
   0.380  -0.000   0.51468E-01
   0.400  -0.000   0.53219E-01
   0.420  -0.000   0.54970E-01
   0.440  -0.000   0.56722E-01
   0.460  -0.000   0.58474E-01
   0.480  -0.000   0.60226E-01
   0.500  -0.000   0.61978E-01
   0.520  -0.000   0.63731E-01
   0.540  -0.000   0.65484E-01
   0.560  -0.000   0.67238E-01
   0.580  -0.000   0.68992E-01
   0.600  -0.000   0.70746E-01
   0.620  -0.000   0.72501E-01
   0.640  -0.000   0.74256E-01
   0.660  -0.000   0.76011E-01
   0.680  -0.000   0.77766E-01
   0.700  -0.000   0.79522E-01
   0.720  -0.000   0.81279E-01
   0.740  -0.000   0.83035E-01
   0.760  -0.000   0.84792E-01
   0.780  -0.000   0.86549E-01
   0.800  -0.000   0.88307E-01
   0.820  -0.000   0.90065E-01
   0.840  -0.000   0.91823E-01
   0.860  -0.000   0.93582E-01
   0.880  -0.000   0.95341E-01
   0.900  -0.000   0.97100E-01
   0.920  -0.000   0.98860E-01
   0.940  -0.000   0.10062E+00
   0.960  -0.000   0.10238E+00
   0.980  -0.000   0.10414E+00
