! Polarized Spherical Harmonic Discrete Ordinate Radiative Transfer Output
!  L= 15  M= 15  NLM=  256   NMU= 16  NPHI= 32  NANG=  354   NSH=      4050
!  NSTOKES=1   NX=  50   NY=   1   NZ=  11    NPTS=     550   NCELLS=     500
!  PROPERTY_FILE=atmos_ray0.85.prp
!  CORRELATED_K-DIST_FILE=NONE   NUM_G= 1
!  INPUT_SAVE_FILE=NONE
!  OUTPUT_SAVE_FILE=NONE
!  SOURCE_TYPE=SOLAR               DELTA-M METHOD
!  GRID_TYPE=EVEN (X,Y)    EVEN (Z)             INDEPENDENT_PIXEL=3
!  SURFACE_TYPE=VARIABLE RPV             HORIZ_BOUNDARY_COND=0
!  SURFACE_FILE=brdf_R1.sfc  SKY_RAD= 0.00000E+00
!  SOLAR_FLUX= 0.100000E+01   SOLAR_MU=-0.7070000   SOLAR_AZ=   0.000
!  UNITS=WATTS/(M^2 MICRON STER)    WAVELENGTH=      0.85
!  SPLITTING_ACCURACY= 0.100E-02   SPHERICAL_HARMONIC_ACCURACY= 0.000E+00
!  SOLUTION_ACCURACY= 0.100E-04
!  MAXIMUM_ITERATIONS=  50   NUMBER_ITERATIONS=   3
!  OUTPUT_TYPE=RADIANCE            
!    RADIANCE AT Z= 30.000    NXO=  50    NYO=   1    NDIR=  19
!   X       Y        RADIANCE (STOKES I, Q, U, V)
!   0.10000  180.00  <- (mu,phi)
  -0.000  -0.000   0.23269E+00
   0.020  -0.000   0.22669E+00
   0.040  -0.000   0.22087E+00
   0.060  -0.000   0.21521E+00
   0.080  -0.000   0.20973E+00
   0.100  -0.000   0.20440E+00
   0.120  -0.000   0.19923E+00
   0.140  -0.000   0.19421E+00
   0.160  -0.000   0.18933E+00
   0.180  -0.000   0.18460E+00
   0.200  -0.000   0.18000E+00
   0.220  -0.000   0.17554E+00
   0.240  -0.000   0.17120E+00
   0.260  -0.000   0.16700E+00
   0.280  -0.000   0.16291E+00
   0.300  -0.000   0.15894E+00
   0.320  -0.000   0.15509E+00
   0.340  -0.000   0.15134E+00
   0.360  -0.000   0.14771E+00
   0.380  -0.000   0.14417E+00
   0.400  -0.000   0.14074E+00
   0.420  -0.000   0.13741E+00
   0.440  -0.000   0.13418E+00
   0.460  -0.000   0.13103E+00
   0.480  -0.000   0.12798E+00
   0.500  -0.000   0.12501E+00
   0.520  -0.000   0.12213E+00
   0.540  -0.000   0.11933E+00
   0.560  -0.000   0.11661E+00
   0.580  -0.000   0.11397E+00
   0.600  -0.000   0.11141E+00
   0.620  -0.000   0.10891E+00
   0.640  -0.000   0.10649E+00
   0.660  -0.000   0.10414E+00
   0.680  -0.000   0.10185E+00
   0.700  -0.000   0.99628E-01
   0.720  -0.000   0.97470E-01
   0.740  -0.000   0.95372E-01
   0.760  -0.000   0.93335E-01
   0.780  -0.000   0.91355E-01
   0.800  -0.000   0.89431E-01
   0.820  -0.000   0.87561E-01
   0.840  -0.000   0.85745E-01
   0.860  -0.000   0.83980E-01
   0.880  -0.000   0.82265E-01
   0.900  -0.000   0.80598E-01
   0.920  -0.000   0.78978E-01
   0.940  -0.000   0.77404E-01
   0.960  -0.000   0.75875E-01
   0.980  -0.000   0.74389E-01
!   0.20000  180.00  <- (mu,phi)
  -0.000  -0.000   0.18611E+00
   0.020  -0.000   0.18252E+00
   0.040  -0.000   0.17899E+00
   0.060  -0.000   0.17555E+00
   0.080  -0.000   0.17217E+00
   0.100  -0.000   0.16887E+00
   0.120  -0.000   0.16564E+00
   0.140  -0.000   0.16248E+00
   0.160  -0.000   0.15938E+00
   0.180  -0.000   0.15635E+00
   0.200  -0.000   0.15338E+00
   0.220  -0.000   0.15048E+00
   0.240  -0.000   0.14764E+00
   0.260  -0.000   0.14485E+00
   0.280  -0.000   0.14213E+00
   0.300  -0.000   0.13946E+00
   0.320  -0.000   0.13685E+00
   0.340  -0.000   0.13429E+00
   0.360  -0.000   0.13179E+00
   0.380  -0.000   0.12934E+00
   0.400  -0.000   0.12694E+00
   0.420  -0.000   0.12459E+00
   0.440  -0.000   0.12229E+00
   0.460  -0.000   0.12004E+00
   0.480  -0.000   0.11783E+00
   0.500  -0.000   0.11567E+00
   0.520  -0.000   0.11356E+00
   0.540  -0.000   0.11149E+00
   0.560  -0.000   0.10946E+00
   0.580  -0.000   0.10747E+00
   0.600  -0.000   0.10553E+00
   0.620  -0.000   0.10363E+00
   0.640  -0.000   0.10176E+00
   0.660  -0.000   0.99934E-01
   0.680  -0.000   0.98146E-01
   0.700  -0.000   0.96394E-01
   0.720  -0.000   0.94679E-01
   0.740  -0.000   0.92999E-01
   0.760  -0.000   0.91353E-01
   0.780  -0.000   0.89742E-01
   0.800  -0.000   0.88163E-01
   0.820  -0.000   0.86618E-01
   0.840  -0.000   0.85104E-01
   0.860  -0.000   0.83621E-01
   0.880  -0.000   0.82169E-01
   0.900  -0.000   0.80746E-01
   0.920  -0.000   0.79353E-01
   0.940  -0.000   0.77989E-01
   0.960  -0.000   0.76652E-01
   0.980  -0.000   0.75343E-01
!   0.30000  180.00  <- (mu,phi)
  -0.000  -0.000   0.16673E+00
   0.020  -0.000   0.16425E+00
   0.040  -0.000   0.16181E+00
   0.060  -0.000   0.15942E+00
   0.080  -0.000   0.15706E+00
   0.100  -0.000   0.15474E+00
   0.120  -0.000   0.15245E+00
   0.140  -0.000   0.15021E+00
   0.160  -0.000   0.14800E+00
   0.180  -0.000   0.14582E+00
   0.200  -0.000   0.14369E+00
   0.220  -0.000   0.14158E+00
   0.240  -0.000   0.13951E+00
   0.260  -0.000   0.13747E+00
   0.280  -0.000   0.13547E+00
   0.300  -0.000   0.13350E+00
   0.320  -0.000   0.13156E+00
   0.340  -0.000   0.12965E+00
   0.360  -0.000   0.12777E+00
   0.380  -0.000   0.12592E+00
   0.400  -0.000   0.12410E+00
   0.420  -0.000   0.12231E+00
   0.440  -0.000   0.12054E+00
   0.460  -0.000   0.11881E+00
   0.480  -0.000   0.11710E+00
   0.500  -0.000   0.11542E+00
   0.520  -0.000   0.11377E+00
   0.540  -0.000   0.11214E+00
   0.560  -0.000   0.11054E+00
   0.580  -0.000   0.10896E+00
   0.600  -0.000   0.10741E+00
   0.620  -0.000   0.10588E+00
   0.640  -0.000   0.10438E+00
   0.660  -0.000   0.10290E+00
   0.680  -0.000   0.10145E+00
   0.700  -0.000   0.10001E+00
   0.720  -0.000   0.98603E-01
   0.740  -0.000   0.97214E-01
   0.760  -0.000   0.95847E-01
   0.780  -0.000   0.94502E-01
   0.800  -0.000   0.93178E-01
   0.820  -0.000   0.91874E-01
   0.840  -0.000   0.90591E-01
   0.860  -0.000   0.89328E-01
   0.880  -0.000   0.88084E-01
   0.900  -0.000   0.86860E-01
   0.920  -0.000   0.85655E-01
   0.940  -0.000   0.84469E-01
   0.960  -0.000   0.83301E-01
   0.980  -0.000   0.82152E-01
!   0.40000  180.00  <- (mu,phi)
  -0.000  -0.000   0.15732E+00
   0.020  -0.000   0.15554E+00
   0.040  -0.000   0.15377E+00
   0.060  -0.000   0.15203E+00
   0.080  -0.000   0.15031E+00
   0.100  -0.000   0.14861E+00
   0.120  -0.000   0.14693E+00
   0.140  -0.000   0.14527E+00
   0.160  -0.000   0.14364E+00
   0.180  -0.000   0.14202E+00
   0.200  -0.000   0.14042E+00
   0.220  -0.000   0.13885E+00
   0.240  -0.000   0.13729E+00
   0.260  -0.000   0.13575E+00
   0.280  -0.000   0.13423E+00
   0.300  -0.000   0.13273E+00
   0.320  -0.000   0.13125E+00
   0.340  -0.000   0.12979E+00
   0.360  -0.000   0.12834E+00
   0.380  -0.000   0.12692E+00
   0.400  -0.000   0.12550E+00
   0.420  -0.000   0.12411E+00
   0.440  -0.000   0.12273E+00
   0.460  -0.000   0.12137E+00
   0.480  -0.000   0.12003E+00
   0.500  -0.000   0.11870E+00
   0.520  -0.000   0.11739E+00
   0.540  -0.000   0.11610E+00
   0.560  -0.000   0.11482E+00
   0.580  -0.000   0.11355E+00
   0.600  -0.000   0.11231E+00
   0.620  -0.000   0.11107E+00
   0.640  -0.000   0.10985E+00
   0.660  -0.000   0.10865E+00
   0.680  -0.000   0.10746E+00
   0.700  -0.000   0.10628E+00
   0.720  -0.000   0.10512E+00
   0.740  -0.000   0.10397E+00
   0.760  -0.000   0.10284E+00
   0.780  -0.000   0.10172E+00
   0.800  -0.000   0.10061E+00
   0.820  -0.000   0.99515E-01
   0.840  -0.000   0.98434E-01
   0.860  -0.000   0.97366E-01
   0.880  -0.000   0.96310E-01
   0.900  -0.000   0.95267E-01
   0.920  -0.000   0.94236E-01
   0.940  -0.000   0.93218E-01
   0.960  -0.000   0.92211E-01
   0.980  -0.000   0.91217E-01
!   0.50000  180.00  <- (mu,phi)
  -0.000  -0.000   0.15300E+00
   0.020  -0.000   0.15170E+00
   0.040  -0.000   0.15042E+00
   0.060  -0.000   0.14916E+00
   0.080  -0.000   0.14790E+00
   0.100  -0.000   0.14665E+00
   0.120  -0.000   0.14542E+00
   0.140  -0.000   0.14420E+00
   0.160  -0.000   0.14299E+00
   0.180  -0.000   0.14179E+00
   0.200  -0.000   0.14061E+00
   0.220  -0.000   0.13943E+00
   0.240  -0.000   0.13827E+00
   0.260  -0.000   0.13711E+00
   0.280  -0.000   0.13597E+00
   0.300  -0.000   0.13484E+00
   0.320  -0.000   0.13372E+00
   0.340  -0.000   0.13261E+00
   0.360  -0.000   0.13150E+00
   0.380  -0.000   0.13041E+00
   0.400  -0.000   0.12933E+00
   0.420  -0.000   0.12826E+00
   0.440  -0.000   0.12720E+00
   0.460  -0.000   0.12615E+00
   0.480  -0.000   0.12511E+00
   0.500  -0.000   0.12407E+00
   0.520  -0.000   0.12305E+00
   0.540  -0.000   0.12204E+00
   0.560  -0.000   0.12103E+00
   0.580  -0.000   0.12004E+00
   0.600  -0.000   0.11905E+00
   0.620  -0.000   0.11807E+00
   0.640  -0.000   0.11710E+00
   0.660  -0.000   0.11614E+00
   0.680  -0.000   0.11519E+00
   0.700  -0.000   0.11425E+00
   0.720  -0.000   0.11331E+00
   0.740  -0.000   0.11239E+00
   0.760  -0.000   0.11147E+00
   0.780  -0.000   0.11056E+00
   0.800  -0.000   0.10966E+00
   0.820  -0.000   0.10876E+00
   0.840  -0.000   0.10788E+00
   0.860  -0.000   0.10700E+00
   0.880  -0.000   0.10613E+00
   0.900  -0.000   0.10526E+00
   0.920  -0.000   0.10441E+00
   0.940  -0.000   0.10356E+00
   0.960  -0.000   0.10272E+00
   0.980  -0.000   0.10189E+00
!   0.60000  180.00  <- (mu,phi)
  -0.000  -0.000   0.15193E+00
   0.020  -0.000   0.15102E+00
   0.040  -0.000   0.15012E+00
   0.060  -0.000   0.14923E+00
   0.080  -0.000   0.14835E+00
   0.100  -0.000   0.14747E+00
   0.120  -0.000   0.14660E+00
   0.140  -0.000   0.14573E+00
   0.160  -0.000   0.14487E+00
   0.180  -0.000   0.14402E+00
   0.200  -0.000   0.14317E+00
   0.220  -0.000   0.14233E+00
   0.240  -0.000   0.14150E+00
   0.260  -0.000   0.14066E+00
   0.280  -0.000   0.13984E+00
   0.300  -0.000   0.13902E+00
   0.320  -0.000   0.13821E+00
   0.340  -0.000   0.13740E+00
   0.360  -0.000   0.13660E+00
   0.380  -0.000   0.13580E+00
   0.400  -0.000   0.13501E+00
   0.420  -0.000   0.13422E+00
   0.440  -0.000   0.13344E+00
   0.460  -0.000   0.13267E+00
   0.480  -0.000   0.13189E+00
   0.500  -0.000   0.13113E+00
   0.520  -0.000   0.13037E+00
   0.540  -0.000   0.12961E+00
   0.560  -0.000   0.12886E+00
   0.580  -0.000   0.12812E+00
   0.600  -0.000   0.12737E+00
   0.620  -0.000   0.12664E+00
   0.640  -0.000   0.12591E+00
   0.660  -0.000   0.12518E+00
   0.680  -0.000   0.12446E+00
   0.700  -0.000   0.12374E+00
   0.720  -0.000   0.12303E+00
   0.740  -0.000   0.12232E+00
   0.760  -0.000   0.12161E+00
   0.780  -0.000   0.12092E+00
   0.800  -0.000   0.12022E+00
   0.820  -0.000   0.11953E+00
   0.840  -0.000   0.11884E+00
   0.860  -0.000   0.11816E+00
   0.880  -0.000   0.11749E+00
   0.900  -0.000   0.11681E+00
   0.920  -0.000   0.11614E+00
   0.940  -0.000   0.11548E+00
   0.960  -0.000   0.11482E+00
   0.980  -0.000   0.11416E+00
!   0.70000  180.00  <- (mu,phi)
  -0.000  -0.000   0.15372E+00
   0.020  -0.000   0.15314E+00
   0.040  -0.000   0.15257E+00
   0.060  -0.000   0.15200E+00
   0.080  -0.000   0.15144E+00
   0.100  -0.000   0.15088E+00
   0.120  -0.000   0.15032E+00
   0.140  -0.000   0.14976E+00
   0.160  -0.000   0.14921E+00
   0.180  -0.000   0.14866E+00
   0.200  -0.000   0.14811E+00
   0.220  -0.000   0.14756E+00
   0.240  -0.000   0.14702E+00
   0.260  -0.000   0.14648E+00
   0.280  -0.000   0.14594E+00
   0.300  -0.000   0.14540E+00
   0.320  -0.000   0.14487E+00
   0.340  -0.000   0.14434E+00
   0.360  -0.000   0.14381E+00
   0.380  -0.000   0.14329E+00
   0.400  -0.000   0.14277E+00
   0.420  -0.000   0.14225E+00
   0.440  -0.000   0.14173E+00
   0.460  -0.000   0.14121E+00
   0.480  -0.000   0.14070E+00
   0.500  -0.000   0.14019E+00
   0.520  -0.000   0.13968E+00
   0.540  -0.000   0.13918E+00
   0.560  -0.000   0.13867E+00
   0.580  -0.000   0.13817E+00
   0.600  -0.000   0.13767E+00
   0.620  -0.000   0.13717E+00
   0.640  -0.000   0.13668E+00
   0.660  -0.000   0.13619E+00
   0.680  -0.000   0.13570E+00
   0.700  -0.000   0.13521E+00
   0.720  -0.000   0.13472E+00
   0.740  -0.000   0.13424E+00
   0.760  -0.000   0.13375E+00
   0.780  -0.000   0.13327E+00
   0.800  -0.000   0.13280E+00
   0.820  -0.000   0.13232E+00
   0.840  -0.000   0.13184E+00
   0.860  -0.000   0.13137E+00
   0.880  -0.000   0.13090E+00
   0.900  -0.000   0.13043E+00
   0.920  -0.000   0.12997E+00
   0.940  -0.000   0.12950E+00
   0.960  -0.000   0.12904E+00
   0.980  -0.000   0.12858E+00
!   0.80000  180.00  <- (mu,phi)
  -0.000  -0.000   0.12612E+00
   0.020  -0.000   0.12590E+00
   0.040  -0.000   0.12567E+00
   0.060  -0.000   0.12545E+00
   0.080  -0.000   0.12523E+00
   0.100  -0.000   0.12500E+00
   0.120  -0.000   0.12478E+00
   0.140  -0.000   0.12456E+00
   0.160  -0.000   0.12435E+00
   0.180  -0.000   0.12413E+00
   0.200  -0.000   0.12391E+00
   0.220  -0.000   0.12370E+00
   0.240  -0.000   0.12348E+00
   0.260  -0.000   0.12327E+00
   0.280  -0.000   0.12306E+00
   0.300  -0.000   0.12284E+00
   0.320  -0.000   0.12263E+00
   0.340  -0.000   0.12242E+00
   0.360  -0.000   0.12222E+00
   0.380  -0.000   0.12201E+00
   0.400  -0.000   0.12180E+00
   0.420  -0.000   0.12159E+00
   0.440  -0.000   0.12139E+00
   0.460  -0.000   0.12118E+00
   0.480  -0.000   0.12098E+00
   0.500  -0.000   0.12077E+00
   0.520  -0.000   0.12057E+00
   0.540  -0.000   0.12037E+00
   0.560  -0.000   0.12017E+00
   0.580  -0.000   0.11997E+00
   0.600  -0.000   0.11977E+00
   0.620  -0.000   0.11957E+00
   0.640  -0.000   0.11937E+00
   0.660  -0.000   0.11917E+00
   0.680  -0.000   0.11897E+00
   0.700  -0.000   0.11878E+00
   0.720  -0.000   0.11858E+00
   0.740  -0.000   0.11838E+00
   0.760  -0.000   0.11819E+00
   0.780  -0.000   0.11799E+00
   0.800  -0.000   0.11780E+00
   0.820  -0.000   0.11761E+00
   0.840  -0.000   0.11741E+00
   0.860  -0.000   0.11722E+00
   0.880  -0.000   0.11703E+00
   0.900  -0.000   0.11684E+00
   0.920  -0.000   0.11665E+00
   0.940  -0.000   0.11646E+00
   0.960  -0.000   0.11627E+00
   0.980  -0.000   0.11608E+00
!   0.90000  180.00  <- (mu,phi)
  -0.000  -0.000   0.10161E+00
   0.020  -0.000   0.10160E+00
   0.040  -0.000   0.10160E+00
   0.060  -0.000   0.10159E+00
   0.080  -0.000   0.10159E+00
   0.100  -0.000   0.10159E+00
   0.120  -0.000   0.10159E+00
   0.140  -0.000   0.10158E+00
   0.160  -0.000   0.10158E+00
   0.180  -0.000   0.10158E+00
   0.200  -0.000   0.10158E+00
   0.220  -0.000   0.10158E+00
   0.240  -0.000   0.10159E+00
   0.260  -0.000   0.10159E+00
   0.280  -0.000   0.10159E+00
   0.300  -0.000   0.10159E+00
   0.320  -0.000   0.10160E+00
   0.340  -0.000   0.10160E+00
   0.360  -0.000   0.10160E+00
   0.380  -0.000   0.10161E+00
   0.400  -0.000   0.10161E+00
   0.420  -0.000   0.10162E+00
   0.440  -0.000   0.10162E+00
   0.460  -0.000   0.10163E+00
   0.480  -0.000   0.10164E+00
   0.500  -0.000   0.10164E+00
   0.520  -0.000   0.10165E+00
   0.540  -0.000   0.10166E+00
   0.560  -0.000   0.10167E+00
   0.580  -0.000   0.10167E+00
   0.600  -0.000   0.10168E+00
   0.620  -0.000   0.10169E+00
   0.640  -0.000   0.10170E+00
   0.660  -0.000   0.10171E+00
   0.680  -0.000   0.10172E+00
   0.700  -0.000   0.10173E+00
   0.720  -0.000   0.10174E+00
   0.740  -0.000   0.10175E+00
   0.760  -0.000   0.10176E+00
   0.780  -0.000   0.10177E+00
   0.800  -0.000   0.10178E+00
   0.820  -0.000   0.10180E+00
   0.840  -0.000   0.10181E+00
   0.860  -0.000   0.10182E+00
   0.880  -0.000   0.10183E+00
   0.900  -0.000   0.10184E+00
   0.920  -0.000   0.10186E+00
   0.940  -0.000   0.10187E+00
   0.960  -0.000   0.10188E+00
   0.980  -0.000   0.10190E+00
!   1.00000    0.00  <- (mu,phi)
  -0.000  -0.000   0.66493E-01
   0.020  -0.000   0.66590E-01
   0.040  -0.000   0.66687E-01
   0.060  -0.000   0.66786E-01
   0.080  -0.000   0.66885E-01
   0.100  -0.000   0.66984E-01
   0.120  -0.000   0.67085E-01
   0.140  -0.000   0.67186E-01
   0.160  -0.000   0.67288E-01
   0.180  -0.000   0.67390E-01
   0.200  -0.000   0.67493E-01
   0.220  -0.000   0.67597E-01
   0.240  -0.000   0.67702E-01
   0.260  -0.000   0.67807E-01
   0.280  -0.000   0.67913E-01
   0.300  -0.000   0.68019E-01
   0.320  -0.000   0.68126E-01
   0.340  -0.000   0.68234E-01
   0.360  -0.000   0.68342E-01
   0.380  -0.000   0.68450E-01
   0.400  -0.000   0.68560E-01
   0.420  -0.000   0.68669E-01
   0.440  -0.000   0.68780E-01
   0.460  -0.000   0.68891E-01
   0.480  -0.000   0.69002E-01
   0.500  -0.000   0.69114E-01
   0.520  -0.000   0.69226E-01
   0.540  -0.000   0.69339E-01
   0.560  -0.000   0.69453E-01
   0.580  -0.000   0.69566E-01
   0.600  -0.000   0.69681E-01
   0.620  -0.000   0.69796E-01
   0.640  -0.000   0.69911E-01
   0.660  -0.000   0.70027E-01
   0.680  -0.000   0.70143E-01
   0.700  -0.000   0.70260E-01
   0.720  -0.000   0.70377E-01
   0.740  -0.000   0.70495E-01
   0.760  -0.000   0.70613E-01
   0.780  -0.000   0.70731E-01
   0.800  -0.000   0.70850E-01
   0.820  -0.000   0.70970E-01
   0.840  -0.000   0.71090E-01
   0.860  -0.000   0.71210E-01
   0.880  -0.000   0.71331E-01
   0.900  -0.000   0.71452E-01
   0.920  -0.000   0.71573E-01
   0.940  -0.000   0.71695E-01
   0.960  -0.000   0.71817E-01
   0.980  -0.000   0.71940E-01
!   0.90000    0.00  <- (mu,phi)
  -0.000  -0.000   0.49154E-01
   0.020  -0.000   0.49138E-01
   0.040  -0.000   0.49122E-01
   0.060  -0.000   0.49108E-01
   0.080  -0.000   0.49094E-01
   0.100  -0.000   0.49081E-01
   0.120  -0.000   0.49068E-01
   0.140  -0.000   0.49056E-01
   0.160  -0.000   0.49045E-01
   0.180  -0.000   0.49034E-01
   0.200  -0.000   0.49024E-01
   0.220  -0.000   0.49014E-01
   0.240  -0.000   0.49005E-01
   0.260  -0.000   0.48996E-01
   0.280  -0.000   0.48987E-01
   0.300  -0.000   0.48980E-01
   0.320  -0.000   0.48972E-01
   0.340  -0.000   0.48965E-01
   0.360  -0.000   0.48959E-01
   0.380  -0.000   0.48952E-01
   0.400  -0.000   0.48947E-01
   0.420  -0.000   0.48941E-01
   0.440  -0.000   0.48936E-01
   0.460  -0.000   0.48932E-01
   0.480  -0.000   0.48928E-01
   0.500  -0.000   0.48924E-01
   0.520  -0.000   0.48920E-01
   0.540  -0.000   0.48917E-01
   0.560  -0.000   0.48914E-01
   0.580  -0.000   0.48911E-01
   0.600  -0.000   0.48909E-01
   0.620  -0.000   0.48907E-01
   0.640  -0.000   0.48905E-01
   0.660  -0.000   0.48904E-01
   0.680  -0.000   0.48903E-01
   0.700  -0.000   0.48902E-01
   0.720  -0.000   0.48901E-01
   0.740  -0.000   0.48901E-01
   0.760  -0.000   0.48900E-01
   0.780  -0.000   0.48901E-01
   0.800  -0.000   0.48901E-01
   0.820  -0.000   0.48901E-01
   0.840  -0.000   0.48902E-01
   0.860  -0.000   0.48903E-01
   0.880  -0.000   0.48904E-01
   0.900  -0.000   0.48906E-01
   0.920  -0.000   0.48907E-01
   0.940  -0.000   0.48909E-01
   0.960  -0.000   0.48911E-01
   0.980  -0.000   0.48913E-01
!   0.80000    0.00  <- (mu,phi)
  -0.000  -0.000   0.45949E-01
   0.020  -0.000   0.45849E-01
   0.040  -0.000   0.45751E-01
   0.060  -0.000   0.45653E-01
   0.080  -0.000   0.45557E-01
   0.100  -0.000   0.45461E-01
   0.120  -0.000   0.45366E-01
   0.140  -0.000   0.45272E-01
   0.160  -0.000   0.45179E-01
   0.180  -0.000   0.45087E-01
   0.200  -0.000   0.44995E-01
   0.220  -0.000   0.44905E-01
   0.240  -0.000   0.44815E-01
   0.260  -0.000   0.44725E-01
   0.280  -0.000   0.44637E-01
   0.300  -0.000   0.44549E-01
   0.320  -0.000   0.44462E-01
   0.340  -0.000   0.44375E-01
   0.360  -0.000   0.44289E-01
   0.380  -0.000   0.44204E-01
   0.400  -0.000   0.44119E-01
   0.420  -0.000   0.44035E-01
   0.440  -0.000   0.43951E-01
   0.460  -0.000   0.43868E-01
   0.480  -0.000   0.43785E-01
   0.500  -0.000   0.43703E-01
   0.520  -0.000   0.43622E-01
   0.540  -0.000   0.43541E-01
   0.560  -0.000   0.43460E-01
   0.580  -0.000   0.43380E-01
   0.600  -0.000   0.43301E-01
   0.620  -0.000   0.43222E-01
   0.640  -0.000   0.43143E-01
   0.660  -0.000   0.43065E-01
   0.680  -0.000   0.42987E-01
   0.700  -0.000   0.42910E-01
   0.720  -0.000   0.42833E-01
   0.740  -0.000   0.42756E-01
   0.760  -0.000   0.42680E-01
   0.780  -0.000   0.42604E-01
   0.800  -0.000   0.42529E-01
   0.820  -0.000   0.42454E-01
   0.840  -0.000   0.42379E-01
   0.860  -0.000   0.42305E-01
   0.880  -0.000   0.42231E-01
   0.900  -0.000   0.42158E-01
   0.920  -0.000   0.42084E-01
   0.940  -0.000   0.42012E-01
   0.960  -0.000   0.41939E-01
   0.980  -0.000   0.41867E-01
!   0.70000    0.00  <- (mu,phi)
  -0.000  -0.000   0.45172E-01
   0.020  -0.000   0.44984E-01
   0.040  -0.000   0.44798E-01
   0.060  -0.000   0.44614E-01
   0.080  -0.000   0.44431E-01
   0.100  -0.000   0.44250E-01
   0.120  -0.000   0.44070E-01
   0.140  -0.000   0.43891E-01
   0.160  -0.000   0.43714E-01
   0.180  -0.000   0.43539E-01
   0.200  -0.000   0.43365E-01
   0.220  -0.000   0.43192E-01
   0.240  -0.000   0.43021E-01
   0.260  -0.000   0.42851E-01
   0.280  -0.000   0.42682E-01
   0.300  -0.000   0.42514E-01
   0.320  -0.000   0.42348E-01
   0.340  -0.000   0.42182E-01
   0.360  -0.000   0.42018E-01
   0.380  -0.000   0.41855E-01
   0.400  -0.000   0.41694E-01
   0.420  -0.000   0.41533E-01
   0.440  -0.000   0.41373E-01
   0.460  -0.000   0.41215E-01
   0.480  -0.000   0.41057E-01
   0.500  -0.000   0.40901E-01
   0.520  -0.000   0.40745E-01
   0.540  -0.000   0.40591E-01
   0.560  -0.000   0.40437E-01
   0.580  -0.000   0.40284E-01
   0.600  -0.000   0.40133E-01
   0.620  -0.000   0.39982E-01
   0.640  -0.000   0.39832E-01
   0.660  -0.000   0.39683E-01
   0.680  -0.000   0.39535E-01
   0.700  -0.000   0.39388E-01
   0.720  -0.000   0.39242E-01
   0.740  -0.000   0.39097E-01
   0.760  -0.000   0.38952E-01
   0.780  -0.000   0.38808E-01
   0.800  -0.000   0.38665E-01
   0.820  -0.000   0.38523E-01
   0.840  -0.000   0.38381E-01
   0.860  -0.000   0.38241E-01
   0.880  -0.000   0.38101E-01
   0.900  -0.000   0.37962E-01
   0.920  -0.000   0.37823E-01
   0.940  -0.000   0.37686E-01
   0.960  -0.000   0.37549E-01
   0.980  -0.000   0.37413E-01
!   0.60000    0.00  <- (mu,phi)
  -0.000  -0.000   0.45962E-01
   0.020  -0.000   0.45670E-01
   0.040  -0.000   0.45382E-01
   0.060  -0.000   0.45096E-01
   0.080  -0.000   0.44813E-01
   0.100  -0.000   0.44533E-01
   0.120  -0.000   0.44256E-01
   0.140  -0.000   0.43981E-01
   0.160  -0.000   0.43709E-01
   0.180  -0.000   0.43440E-01
   0.200  -0.000   0.43172E-01
   0.220  -0.000   0.42908E-01
   0.240  -0.000   0.42645E-01
   0.260  -0.000   0.42385E-01
   0.280  -0.000   0.42128E-01
   0.300  -0.000   0.41872E-01
   0.320  -0.000   0.41619E-01
   0.340  -0.000   0.41368E-01
   0.360  -0.000   0.41119E-01
   0.380  -0.000   0.40872E-01
   0.400  -0.000   0.40627E-01
   0.420  -0.000   0.40385E-01
   0.440  -0.000   0.40144E-01
   0.460  -0.000   0.39905E-01
   0.480  -0.000   0.39668E-01
   0.500  -0.000   0.39434E-01
   0.520  -0.000   0.39201E-01
   0.540  -0.000   0.38969E-01
   0.560  -0.000   0.38740E-01
   0.580  -0.000   0.38513E-01
   0.600  -0.000   0.38287E-01
   0.620  -0.000   0.38063E-01
   0.640  -0.000   0.37841E-01
   0.660  -0.000   0.37620E-01
   0.680  -0.000   0.37402E-01
   0.700  -0.000   0.37184E-01
   0.720  -0.000   0.36969E-01
   0.740  -0.000   0.36755E-01
   0.760  -0.000   0.36543E-01
   0.780  -0.000   0.36332E-01
   0.800  -0.000   0.36123E-01
   0.820  -0.000   0.35915E-01
   0.840  -0.000   0.35709E-01
   0.860  -0.000   0.35505E-01
   0.880  -0.000   0.35302E-01
   0.900  -0.000   0.35100E-01
   0.920  -0.000   0.34900E-01
   0.940  -0.000   0.34701E-01
   0.960  -0.000   0.34504E-01
   0.980  -0.000   0.34308E-01
!   0.50000    0.00  <- (mu,phi)
  -0.000  -0.000   0.48230E-01
   0.020  -0.000   0.47808E-01
   0.040  -0.000   0.47391E-01
   0.060  -0.000   0.46978E-01
   0.080  -0.000   0.46571E-01
   0.100  -0.000   0.46168E-01
   0.120  -0.000   0.45770E-01
   0.140  -0.000   0.45376E-01
   0.160  -0.000   0.44987E-01
   0.180  -0.000   0.44603E-01
   0.200  -0.000   0.44222E-01
   0.220  -0.000   0.43847E-01
   0.240  -0.000   0.43475E-01
   0.260  -0.000   0.43107E-01
   0.280  -0.000   0.42743E-01
   0.300  -0.000   0.42384E-01
   0.320  -0.000   0.42028E-01
   0.340  -0.000   0.41676E-01
   0.360  -0.000   0.41328E-01
   0.380  -0.000   0.40983E-01
   0.400  -0.000   0.40643E-01
   0.420  -0.000   0.40305E-01
   0.440  -0.000   0.39972E-01
   0.460  -0.000   0.39641E-01
   0.480  -0.000   0.39315E-01
   0.500  -0.000   0.38991E-01
   0.520  -0.000   0.38671E-01
   0.540  -0.000   0.38355E-01
   0.560  -0.000   0.38041E-01
   0.580  -0.000   0.37731E-01
   0.600  -0.000   0.37424E-01
   0.620  -0.000   0.37119E-01
   0.640  -0.000   0.36818E-01
   0.660  -0.000   0.36520E-01
   0.680  -0.000   0.36225E-01
   0.700  -0.000   0.35933E-01
   0.720  -0.000   0.35644E-01
   0.740  -0.000   0.35357E-01
   0.760  -0.000   0.35074E-01
   0.780  -0.000   0.34793E-01
   0.800  -0.000   0.34515E-01
   0.820  -0.000   0.34240E-01
   0.840  -0.000   0.33967E-01
   0.860  -0.000   0.33697E-01
   0.880  -0.000   0.33429E-01
   0.900  -0.000   0.33165E-01
   0.920  -0.000   0.32902E-01
   0.940  -0.000   0.32642E-01
   0.960  -0.000   0.32385E-01
   0.980  -0.000   0.32130E-01
!   0.40000    0.00  <- (mu,phi)
  -0.000  -0.000   0.52328E-01
   0.020  -0.000   0.51726E-01
   0.040  -0.000   0.51134E-01
   0.060  -0.000   0.50550E-01
   0.080  -0.000   0.49975E-01
   0.100  -0.000   0.49408E-01
   0.120  -0.000   0.48849E-01
   0.140  -0.000   0.48298E-01
   0.160  -0.000   0.47755E-01
   0.180  -0.000   0.47219E-01
   0.200  -0.000   0.46692E-01
   0.220  -0.000   0.46171E-01
   0.240  -0.000   0.45658E-01
   0.260  -0.000   0.45152E-01
   0.280  -0.000   0.44652E-01
   0.300  -0.000   0.44160E-01
   0.320  -0.000   0.43674E-01
   0.340  -0.000   0.43195E-01
   0.360  -0.000   0.42723E-01
   0.380  -0.000   0.42256E-01
   0.400  -0.000   0.41796E-01
   0.420  -0.000   0.41343E-01
   0.440  -0.000   0.40895E-01
   0.460  -0.000   0.40453E-01
   0.480  -0.000   0.40017E-01
   0.500  -0.000   0.39587E-01
   0.520  -0.000   0.39162E-01
   0.540  -0.000   0.38744E-01
   0.560  -0.000   0.38330E-01
   0.580  -0.000   0.37922E-01
   0.600  -0.000   0.37519E-01
   0.620  -0.000   0.37121E-01
   0.640  -0.000   0.36729E-01
   0.660  -0.000   0.36341E-01
   0.680  -0.000   0.35959E-01
   0.700  -0.000   0.35581E-01
   0.720  -0.000   0.35209E-01
   0.740  -0.000   0.34841E-01
   0.760  -0.000   0.34477E-01
   0.780  -0.000   0.34119E-01
   0.800  -0.000   0.33765E-01
   0.820  -0.000   0.33415E-01
   0.840  -0.000   0.33070E-01
   0.860  -0.000   0.32729E-01
   0.880  -0.000   0.32392E-01
   0.900  -0.000   0.32059E-01
   0.920  -0.000   0.31731E-01
   0.940  -0.000   0.31407E-01
   0.960  -0.000   0.31087E-01
   0.980  -0.000   0.30771E-01
!   0.30000    0.00  <- (mu,phi)
  -0.000  -0.000   0.59266E-01
   0.020  -0.000   0.58398E-01
   0.040  -0.000   0.57545E-01
   0.060  -0.000   0.56708E-01
   0.080  -0.000   0.55886E-01
   0.100  -0.000   0.55078E-01
   0.120  -0.000   0.54285E-01
   0.140  -0.000   0.53507E-01
   0.160  -0.000   0.52742E-01
   0.180  -0.000   0.51990E-01
   0.200  -0.000   0.51252E-01
   0.220  -0.000   0.50527E-01
   0.240  -0.000   0.49815E-01
   0.260  -0.000   0.49114E-01
   0.280  -0.000   0.48427E-01
   0.300  -0.000   0.47750E-01
   0.320  -0.000   0.47086E-01
   0.340  -0.000   0.46433E-01
   0.360  -0.000   0.45791E-01
   0.380  -0.000   0.45160E-01
   0.400  -0.000   0.44540E-01
   0.420  -0.000   0.43931E-01
   0.440  -0.000   0.43331E-01
   0.460  -0.000   0.42742E-01
   0.480  -0.000   0.42163E-01
   0.500  -0.000   0.41593E-01
   0.520  -0.000   0.41033E-01
   0.540  -0.000   0.40483E-01
   0.560  -0.000   0.39941E-01
   0.580  -0.000   0.39409E-01
   0.600  -0.000   0.38885E-01
   0.620  -0.000   0.38370E-01
   0.640  -0.000   0.37864E-01
   0.660  -0.000   0.37365E-01
   0.680  -0.000   0.36876E-01
   0.700  -0.000   0.36394E-01
   0.720  -0.000   0.35920E-01
   0.740  -0.000   0.35454E-01
   0.760  -0.000   0.34995E-01
   0.780  -0.000   0.34544E-01
   0.800  -0.000   0.34100E-01
   0.820  -0.000   0.33663E-01
   0.840  -0.000   0.33234E-01
   0.860  -0.000   0.32811E-01
   0.880  -0.000   0.32396E-01
   0.900  -0.000   0.31987E-01
   0.920  -0.000   0.31585E-01
   0.940  -0.000   0.31189E-01
   0.960  -0.000   0.30799E-01
   0.980  -0.000   0.30416E-01
!   0.20000    0.00  <- (mu,phi)
  -0.000  -0.000   0.71768E-01
   0.020  -0.000   0.70444E-01
   0.040  -0.000   0.69150E-01
   0.060  -0.000   0.67887E-01
   0.080  -0.000   0.66652E-01
   0.100  -0.000   0.65446E-01
   0.120  -0.000   0.64267E-01
   0.140  -0.000   0.63115E-01
   0.160  -0.000   0.61989E-01
   0.180  -0.000   0.60888E-01
   0.200  -0.000   0.59812E-01
   0.220  -0.000   0.58760E-01
   0.240  -0.000   0.57732E-01
   0.260  -0.000   0.56726E-01
   0.280  -0.000   0.55743E-01
   0.300  -0.000   0.54781E-01
   0.320  -0.000   0.53841E-01
   0.340  -0.000   0.52921E-01
   0.360  -0.000   0.52022E-01
   0.380  -0.000   0.51142E-01
   0.400  -0.000   0.50281E-01
   0.420  -0.000   0.49439E-01
   0.440  -0.000   0.48616E-01
   0.460  -0.000   0.47810E-01
   0.480  -0.000   0.47022E-01
   0.500  -0.000   0.46251E-01
   0.520  -0.000   0.45496E-01
   0.540  -0.000   0.44758E-01
   0.560  -0.000   0.44035E-01
   0.580  -0.000   0.43328E-01
   0.600  -0.000   0.42637E-01
   0.620  -0.000   0.41959E-01
   0.640  -0.000   0.41297E-01
   0.660  -0.000   0.40648E-01
   0.680  -0.000   0.40013E-01
   0.700  -0.000   0.39392E-01
   0.720  -0.000   0.38784E-01
   0.740  -0.000   0.38189E-01
   0.760  -0.000   0.37606E-01
   0.780  -0.000   0.37036E-01
   0.800  -0.000   0.36478E-01
   0.820  -0.000   0.35931E-01
   0.840  -0.000   0.35396E-01
   0.860  -0.000   0.34872E-01
   0.880  -0.000   0.34359E-01
   0.900  -0.000   0.33857E-01
   0.920  -0.000   0.33366E-01
   0.940  -0.000   0.32884E-01
   0.960  -0.000   0.32413E-01
   0.980  -0.000   0.31952E-01
!   0.10000    0.00  <- (mu,phi)
  -0.000  -0.000   0.10048E+00
   0.020  -0.000   0.98144E-01
   0.040  -0.000   0.95883E-01
   0.060  -0.000   0.93692E-01
   0.080  -0.000   0.91568E-01
   0.100  -0.000   0.89509E-01
   0.120  -0.000   0.87514E-01
   0.140  -0.000   0.85579E-01
   0.160  -0.000   0.83703E-01
   0.180  -0.000   0.81883E-01
   0.200  -0.000   0.80119E-01
   0.220  -0.000   0.78407E-01
   0.240  -0.000   0.76747E-01
   0.260  -0.000   0.75137E-01
   0.280  -0.000   0.73575E-01
   0.300  -0.000   0.72059E-01
   0.320  -0.000   0.70588E-01
   0.340  -0.000   0.69161E-01
   0.360  -0.000   0.67776E-01
   0.380  -0.000   0.66432E-01
   0.400  -0.000   0.65127E-01
   0.420  -0.000   0.63861E-01
   0.440  -0.000   0.62632E-01
   0.460  -0.000   0.61439E-01
   0.480  -0.000   0.60280E-01
   0.500  -0.000   0.59156E-01
   0.520  -0.000   0.58064E-01
   0.540  -0.000   0.57003E-01
   0.560  -0.000   0.55974E-01
   0.580  -0.000   0.54974E-01
   0.600  -0.000   0.54003E-01
   0.620  -0.000   0.53061E-01
   0.640  -0.000   0.52145E-01
   0.660  -0.000   0.51256E-01
   0.680  -0.000   0.50392E-01
   0.700  -0.000   0.49553E-01
   0.720  -0.000   0.48738E-01
   0.740  -0.000   0.47946E-01
   0.760  -0.000   0.47177E-01
   0.780  -0.000   0.46430E-01
   0.800  -0.000   0.45704E-01
   0.820  -0.000   0.44999E-01
   0.840  -0.000   0.44313E-01
   0.860  -0.000   0.43648E-01
   0.880  -0.000   0.43001E-01
   0.900  -0.000   0.42372E-01
   0.920  -0.000   0.41761E-01
   0.940  -0.000   0.41168E-01
   0.960  -0.000   0.40591E-01
   0.980  -0.000   0.40031E-01
